<?xml version="1.0" encoding="UTF-8"?>
<testsuite xmlns:xsi="http://www.w3.org/2001/XMLSchema-instance" xsi:noNamespaceSchemaLocation="https://maven.apache.org/surefire/maven-surefire-plugin/xsd/surefire-test-report.xsd" name="com.pky.VideoPlayerApplicationTests" time="3.684" tests="1" errors="0" skipped="0" failures="0">
  <properties>
    <property name="sun.desktop" value="windows"/>
    <property name="awt.toolkit" value="sun.awt.windows.WToolkit"/>
    <property name="file.encoding.pkg" value="sun.io"/>
    <property name="java.specification.version" value="1.8"/>
    <property name="sun.cpu.isalist" value="amd64"/>
    <property name="sun.jnu.encoding" value="GBK"/>
    <property name="java.class.path" value="E:\IDEA\VideoPlayer\target\test-classes;E:\IDEA\VideoPlayer\target\classes;D:\apache-maven-3.8.6\maven-repo\org\springframework\boot\spring-boot-starter-web\2.7.5\spring-boot-starter-web-2.7.5.jar;D:\apache-maven-3.8.6\maven-repo\org\springframework\boot\spring-boot-starter\2.7.5\spring-boot-starter-2.7.5.jar;D:\apache-maven-3.8.6\maven-repo\org\springframework\boot\spring-boot-starter-logging\2.7.5\spring-boot-starter-logging-2.7.5.jar;D:\apache-maven-3.8.6\maven-repo\ch\qos\logback\logback-classic\1.2.11\logback-classic-1.2.11.jar;D:\apache-maven-3.8.6\maven-repo\ch\qos\logback\logback-core\1.2.11\logback-core-1.2.11.jar;D:\apache-maven-3.8.6\maven-repo\org\apache\logging\log4j\log4j-to-slf4j\2.17.2\log4j-to-slf4j-2.17.2.jar;D:\apache-maven-3.8.6\maven-repo\org\apache\logging\log4j\log4j-api\2.17.2\log4j-api-2.17.2.jar;D:\apache-maven-3.8.6\maven-repo\org\slf4j\jul-to-slf4j\1.7.36\jul-to-slf4j-1.7.36.jar;D:\apache-maven-3.8.6\maven-repo\jakarta\annotation\jakarta.annotation-api\1.3.5\jakarta.annotation-api-1.3.5.jar;D:\apache-maven-3.8.6\maven-repo\org\yaml\snakeyaml\1.30\snakeyaml-1.30.jar;D:\apache-maven-3.8.6\maven-repo\org\springframework\boot\spring-boot-starter-json\2.7.5\spring-boot-starter-json-2.7.5.jar;D:\apache-maven-3.8.6\maven-repo\com\fasterxml\jackson\datatype\jackson-datatype-jdk8\2.13.4\jackson-datatype-jdk8-2.13.4.jar;D:\apache-maven-3.8.6\maven-repo\com\fasterxml\jackson\datatype\jackson-datatype-jsr310\2.13.4\jackson-datatype-jsr310-2.13.4.jar;D:\apache-maven-3.8.6\maven-repo\com\fasterxml\jackson\module\jackson-module-parameter-names\2.13.4\jackson-module-parameter-names-2.13.4.jar;D:\apache-maven-3.8.6\maven-repo\org\springframework\boot\spring-boot-starter-tomcat\2.7.5\spring-boot-starter-tomcat-2.7.5.jar;D:\apache-maven-3.8.6\maven-repo\org\apache\tomcat\embed\tomcat-embed-core\9.0.68\tomcat-embed-core-9.0.68.jar;D:\apache-maven-3.8.6\maven-repo\org\apache\tomcat\embed\tomcat-embed-el\9.0.68\tomcat-embed-el-9.0.68.jar;D:\apache-maven-3.8.6\maven-repo\org\apache\tomcat\embed\tomcat-embed-websocket\9.0.68\tomcat-embed-websocket-9.0.68.jar;D:\apache-maven-3.8.6\maven-repo\org\springframework\spring-web\5.3.23\spring-web-5.3.23.jar;D:\apache-maven-3.8.6\maven-repo\org\springframework\spring-beans\5.3.23\spring-beans-5.3.23.jar;D:\apache-maven-3.8.6\maven-repo\org\springframework\spring-webmvc\5.3.23\spring-webmvc-5.3.23.jar;D:\apache-maven-3.8.6\maven-repo\org\springframework\spring-context\5.3.23\spring-context-5.3.23.jar;D:\apache-maven-3.8.6\maven-repo\org\springframework\spring-expression\5.3.23\spring-expression-5.3.23.jar;D:\apache-maven-3.8.6\maven-repo\org\springframework\boot\spring-boot-devtools\2.7.5\spring-boot-devtools-2.7.5.jar;D:\apache-maven-3.8.6\maven-repo\org\springframework\boot\spring-boot\2.7.5\spring-boot-2.7.5.jar;D:\apache-maven-3.8.6\maven-repo\org\springframework\boot\spring-boot-autoconfigure\2.7.5\spring-boot-autoconfigure-2.7.5.jar;D:\apache-maven-3.8.6\maven-repo\org\projectlombok\lombok\1.18.24\lombok-1.18.24.jar;D:\apache-maven-3.8.6\maven-repo\org\springframework\boot\spring-boot-starter-test\2.7.5\spring-boot-starter-test-2.7.5.jar;D:\apache-maven-3.8.6\maven-repo\org\springframework\boot\spring-boot-test\2.7.5\spring-boot-test-2.7.5.jar;D:\apache-maven-3.8.6\maven-repo\org\springframework\boot\spring-boot-test-autoconfigure\2.7.5\spring-boot-test-autoconfigure-2.7.5.jar;D:\apache-maven-3.8.6\maven-repo\com\jayway\jsonpath\json-path\2.7.0\json-path-2.7.0.jar;D:\apache-maven-3.8.6\maven-repo\net\minidev\json-smart\2.4.8\json-smart-2.4.8.jar;D:\apache-maven-3.8.6\maven-repo\net\minidev\accessors-smart\2.4.8\accessors-smart-2.4.8.jar;D:\apache-maven-3.8.6\maven-repo\org\ow2\asm\asm\9.1\asm-9.1.jar;D:\apache-maven-3.8.6\maven-repo\jakarta\xml\bind\jakarta.xml.bind-api\2.3.3\jakarta.xml.bind-api-2.3.3.jar;D:\apache-maven-3.8.6\maven-repo\jakarta\activation\jakarta.activation-api\1.2.2\jakarta.activation-api-1.2.2.jar;D:\apache-maven-3.8.6\maven-repo\org\assertj\assertj-core\3.22.0\assertj-core-3.22.0.jar;D:\apache-maven-3.8.6\maven-repo\org\hamcrest\hamcrest\2.2\hamcrest-2.2.jar;D:\apache-maven-3.8.6\maven-repo\org\junit\jupiter\junit-jupiter\5.8.2\junit-jupiter-5.8.2.jar;D:\apache-maven-3.8.6\maven-repo\org\junit\jupiter\junit-jupiter-api\5.8.2\junit-jupiter-api-5.8.2.jar;D:\apache-maven-3.8.6\maven-repo\org\opentest4j\opentest4j\1.2.0\opentest4j-1.2.0.jar;D:\apache-maven-3.8.6\maven-repo\org\junit\platform\junit-platform-commons\1.8.2\junit-platform-commons-1.8.2.jar;D:\apache-maven-3.8.6\maven-repo\org\apiguardian\apiguardian-api\1.1.2\apiguardian-api-1.1.2.jar;D:\apache-maven-3.8.6\maven-repo\org\junit\jupiter\junit-jupiter-params\5.8.2\junit-jupiter-params-5.8.2.jar;D:\apache-maven-3.8.6\maven-repo\org\junit\jupiter\junit-jupiter-engine\5.8.2\junit-jupiter-engine-5.8.2.jar;D:\apache-maven-3.8.6\maven-repo\org\junit\platform\junit-platform-engine\1.8.2\junit-platform-engine-1.8.2.jar;D:\apache-maven-3.8.6\maven-repo\org\mockito\mockito-core\4.5.1\mockito-core-4.5.1.jar;D:\apache-maven-3.8.6\maven-repo\net\bytebuddy\byte-buddy\1.12.18\byte-buddy-1.12.18.jar;D:\apache-maven-3.8.6\maven-repo\net\bytebuddy\byte-buddy-agent\1.12.18\byte-buddy-agent-1.12.18.jar;D:\apache-maven-3.8.6\maven-repo\org\objenesis\objenesis\3.2\objenesis-3.2.jar;D:\apache-maven-3.8.6\maven-repo\org\mockito\mockito-junit-jupiter\4.5.1\mockito-junit-jupiter-4.5.1.jar;D:\apache-maven-3.8.6\maven-repo\org\skyscreamer\jsonassert\1.5.1\jsonassert-1.5.1.jar;D:\apache-maven-3.8.6\maven-repo\com\vaadin\external\google\android-json\0.0.20131108.vaadin1\android-json-0.0.20131108.vaadin1.jar;D:\apache-maven-3.8.6\maven-repo\org\springframework\spring-core\5.3.23\spring-core-5.3.23.jar;D:\apache-maven-3.8.6\maven-repo\org\springframework\spring-jcl\5.3.23\spring-jcl-5.3.23.jar;D:\apache-maven-3.8.6\maven-repo\org\springframework\spring-test\5.3.23\spring-test-5.3.23.jar;D:\apache-maven-3.8.6\maven-repo\org\xmlunit\xmlunit-core\2.9.0\xmlunit-core-2.9.0.jar;D:\apache-maven-3.8.6\maven-repo\org\springframework\boot\spring-boot-starter-security\2.7.5\spring-boot-starter-security-2.7.5.jar;D:\apache-maven-3.8.6\maven-repo\org\springframework\spring-aop\5.3.23\spring-aop-5.3.23.jar;D:\apache-maven-3.8.6\maven-repo\org\springframework\security\spring-security-config\5.7.4\spring-security-config-5.7.4.jar;D:\apache-maven-3.8.6\maven-repo\org\springframework\security\spring-security-core\5.7.4\spring-security-core-5.7.4.jar;D:\apache-maven-3.8.6\maven-repo\org\springframework\security\spring-security-crypto\5.7.4\spring-security-crypto-5.7.4.jar;D:\apache-maven-3.8.6\maven-repo\org\springframework\security\spring-security-web\5.7.4\spring-security-web-5.7.4.jar;D:\apache-maven-3.8.6\maven-repo\com\fasterxml\jackson\core\jackson-core\2.13.4\jackson-core-2.13.4.jar;D:\apache-maven-3.8.6\maven-repo\com\fasterxml\jackson\core\jackson-databind\2.13.4.2\jackson-databind-2.13.4.2.jar;D:\apache-maven-3.8.6\maven-repo\com\fasterxml\jackson\core\jackson-annotations\2.13.4\jackson-annotations-2.13.4.jar;D:\apache-maven-3.8.6\maven-repo\com\alibaba\fastjson\1.2.41\fastjson-1.2.41.jar;D:\apache-maven-3.8.6\maven-repo\com\google\code\gson\gson\2.8.6\gson-2.8.6.jar;D:\apache-maven-3.8.6\maven-repo\org\springframework\boot\spring-boot-starter-jdbc\2.7.5\spring-boot-starter-jdbc-2.7.5.jar;D:\apache-maven-3.8.6\maven-repo\com\zaxxer\HikariCP\4.0.3\HikariCP-4.0.3.jar;D:\apache-maven-3.8.6\maven-repo\org\springframework\spring-jdbc\5.3.23\spring-jdbc-5.3.23.jar;D:\apache-maven-3.8.6\maven-repo\org\springframework\spring-tx\5.3.23\spring-tx-5.3.23.jar;D:\apache-maven-3.8.6\maven-repo\com\mysql\mysql-connector-j\8.0.31\mysql-connector-j-8.0.31.jar;D:\apache-maven-3.8.6\maven-repo\org\thymeleaf\thymeleaf-spring5\3.0.15.RELEASE\thymeleaf-spring5-3.0.15.RELEASE.jar;D:\apache-maven-3.8.6\maven-repo\org\thymeleaf\thymeleaf\3.0.15.RELEASE\thymeleaf-3.0.15.RELEASE.jar;D:\apache-maven-3.8.6\maven-repo\org\attoparser\attoparser\2.0.5.RELEASE\attoparser-2.0.5.RELEASE.jar;D:\apache-maven-3.8.6\maven-repo\org\unbescape\unbescape\1.1.6.RELEASE\unbescape-1.1.6.RELEASE.jar;D:\apache-maven-3.8.6\maven-repo\org\slf4j\slf4j-api\1.7.36\slf4j-api-1.7.36.jar;D:\apache-maven-3.8.6\maven-repo\org\thymeleaf\extras\thymeleaf-extras-java8time\3.0.4.RELEASE\thymeleaf-extras-java8time-3.0.4.RELEASE.jar;D:\apache-maven-3.8.6\maven-repo\org\mybatis\spring\boot\mybatis-spring-boot-starter\2.1.1\mybatis-spring-boot-starter-2.1.1.jar;D:\apache-maven-3.8.6\maven-repo\org\mybatis\spring\boot\mybatis-spring-boot-autoconfigure\2.1.1\mybatis-spring-boot-autoconfigure-2.1.1.jar;D:\apache-maven-3.8.6\maven-repo\org\mybatis\mybatis\3.5.3\mybatis-3.5.3.jar;D:\apache-maven-3.8.6\maven-repo\org\mybatis\mybatis-spring\2.0.3\mybatis-spring-2.0.3.jar;D:\apache-maven-3.8.6\maven-repo\org\thymeleaf\extras\thymeleaf-extras-springsecurity5\3.0.4.RELEASE\thymeleaf-extras-springsecurity5-3.0.4.RELEASE.jar;D:\apache-maven-3.8.6\maven-repo\com\baidu\aip\java-sdk\4.11.0\java-sdk-4.11.0.jar;D:\apache-maven-3.8.6\maven-repo\org\json\json\20160810\json-20160810.jar;D:\apache-maven-3.8.6\maven-repo\org\slf4j\slf4j-simple\1.7.36\slf4j-simple-1.7.36.jar;D:\apache-maven-3.8.6\maven-repo\org\springframework\boot\spring-boot-starter-mail\2.7.5\spring-boot-starter-mail-2.7.5.jar;D:\apache-maven-3.8.6\maven-repo\org\springframework\spring-context-support\5.3.23\spring-context-support-5.3.23.jar;D:\apache-maven-3.8.6\maven-repo\com\sun\mail\jakarta.mail\1.6.7\jakarta.mail-1.6.7.jar;D:\apache-maven-3.8.6\maven-repo\com\sun\activation\jakarta.activation\1.2.2\jakarta.activation-1.2.2.jar;D:\apache-maven-3.8.6\maven-repo\org\springframework\boot\spring-boot-starter-aop\2.7.5\spring-boot-starter-aop-2.7.5.jar;D:\apache-maven-3.8.6\maven-repo\org\aspectj\aspectjweaver\1.9.7\aspectjweaver-1.9.7.jar;"/>
    <property name="java.vm.vendor" value="Oracle Corporation"/>
    <property name="sun.arch.data.model" value="64"/>
    <property name="user.variant" value=""/>
    <property name="java.vendor.url" value="http://java.oracle.com/"/>
    <property name="user.timezone" value="Asia/Shanghai"/>
    <property name="java.vm.specification.version" value="1.8"/>
    <property name="os.name" value="Windows 10"/>
    <property name="user.country" value="CN"/>
    <property name="sun.java.launcher" value="SUN_STANDARD"/>
    <property name="sun.boot.library.path" value="C:\Program Files\Java\jdk1.8.0_333\jre\bin"/>
    <property name="sun.java.command" value="C:\Users\xqsx4\AppData\Local\Temp\surefire7303848031141875003\surefirebooter2114510974682880676.jar C:\Users\xqsx4\AppData\Local\Temp\surefire7303848031141875003 2022-11-13T16-35-25_547-jvmRun1 surefire1608028100491155213tmp surefire_02574730509522440860tmp"/>
    <property name="surefire.test.class.path" value="E:\IDEA\VideoPlayer\target\test-classes;E:\IDEA\VideoPlayer\target\classes;D:\apache-maven-3.8.6\maven-repo\org\springframework\boot\spring-boot-starter-web\2.7.5\spring-boot-starter-web-2.7.5.jar;D:\apache-maven-3.8.6\maven-repo\org\springframework\boot\spring-boot-starter\2.7.5\spring-boot-starter-2.7.5.jar;D:\apache-maven-3.8.6\maven-repo\org\springframework\boot\spring-boot-starter-logging\2.7.5\spring-boot-starter-logging-2.7.5.jar;D:\apache-maven-3.8.6\maven-repo\ch\qos\logback\logback-classic\1.2.11\logback-classic-1.2.11.jar;D:\apache-maven-3.8.6\maven-repo\ch\qos\logback\logback-core\1.2.11\logback-core-1.2.11.jar;D:\apache-maven-3.8.6\maven-repo\org\apache\logging\log4j\log4j-to-slf4j\2.17.2\log4j-to-slf4j-2.17.2.jar;D:\apache-maven-3.8.6\maven-repo\org\apache\logging\log4j\log4j-api\2.17.2\log4j-api-2.17.2.jar;D:\apache-maven-3.8.6\maven-repo\org\slf4j\jul-to-slf4j\1.7.36\jul-to-slf4j-1.7.36.jar;D:\apache-maven-3.8.6\maven-repo\jakarta\annotation\jakarta.annotation-api\1.3.5\jakarta.annotation-api-1.3.5.jar;D:\apache-maven-3.8.6\maven-repo\org\yaml\snakeyaml\1.30\snakeyaml-1.30.jar;D:\apache-maven-3.8.6\maven-repo\org\springframework\boot\spring-boot-starter-json\2.7.5\spring-boot-starter-json-2.7.5.jar;D:\apache-maven-3.8.6\maven-repo\com\fasterxml\jackson\datatype\jackson-datatype-jdk8\2.13.4\jackson-datatype-jdk8-2.13.4.jar;D:\apache-maven-3.8.6\maven-repo\com\fasterxml\jackson\datatype\jackson-datatype-jsr310\2.13.4\jackson-datatype-jsr310-2.13.4.jar;D:\apache-maven-3.8.6\maven-repo\com\fasterxml\jackson\module\jackson-module-parameter-names\2.13.4\jackson-module-parameter-names-2.13.4.jar;D:\apache-maven-3.8.6\maven-repo\org\springframework\boot\spring-boot-starter-tomcat\2.7.5\spring-boot-starter-tomcat-2.7.5.jar;D:\apache-maven-3.8.6\maven-repo\org\apache\tomcat\embed\tomcat-embed-core\9.0.68\tomcat-embed-core-9.0.68.jar;D:\apache-maven-3.8.6\maven-repo\org\apache\tomcat\embed\tomcat-embed-el\9.0.68\tomcat-embed-el-9.0.68.jar;D:\apache-maven-3.8.6\maven-repo\org\apache\tomcat\embed\tomcat-embed-websocket\9.0.68\tomcat-embed-websocket-9.0.68.jar;D:\apache-maven-3.8.6\maven-repo\org\springframework\spring-web\5.3.23\spring-web-5.3.23.jar;D:\apache-maven-3.8.6\maven-repo\org\springframework\spring-beans\5.3.23\spring-beans-5.3.23.jar;D:\apache-maven-3.8.6\maven-repo\org\springframework\spring-webmvc\5.3.23\spring-webmvc-5.3.23.jar;D:\apache-maven-3.8.6\maven-repo\org\springframework\spring-context\5.3.23\spring-context-5.3.23.jar;D:\apache-maven-3.8.6\maven-repo\org\springframework\spring-expression\5.3.23\spring-expression-5.3.23.jar;D:\apache-maven-3.8.6\maven-repo\org\springframework\boot\spring-boot-devtools\2.7.5\spring-boot-devtools-2.7.5.jar;D:\apache-maven-3.8.6\maven-repo\org\springframework\boot\spring-boot\2.7.5\spring-boot-2.7.5.jar;D:\apache-maven-3.8.6\maven-repo\org\springframework\boot\spring-boot-autoconfigure\2.7.5\spring-boot-autoconfigure-2.7.5.jar;D:\apache-maven-3.8.6\maven-repo\org\projectlombok\lombok\1.18.24\lombok-1.18.24.jar;D:\apache-maven-3.8.6\maven-repo\org\springframework\boot\spring-boot-starter-test\2.7.5\spring-boot-starter-test-2.7.5.jar;D:\apache-maven-3.8.6\maven-repo\org\springframework\boot\spring-boot-test\2.7.5\spring-boot-test-2.7.5.jar;D:\apache-maven-3.8.6\maven-repo\org\springframework\boot\spring-boot-test-autoconfigure\2.7.5\spring-boot-test-autoconfigure-2.7.5.jar;D:\apache-maven-3.8.6\maven-repo\com\jayway\jsonpath\json-path\2.7.0\json-path-2.7.0.jar;D:\apache-maven-3.8.6\maven-repo\net\minidev\json-smart\2.4.8\json-smart-2.4.8.jar;D:\apache-maven-3.8.6\maven-repo\net\minidev\accessors-smart\2.4.8\accessors-smart-2.4.8.jar;D:\apache-maven-3.8.6\maven-repo\org\ow2\asm\asm\9.1\asm-9.1.jar;D:\apache-maven-3.8.6\maven-repo\jakarta\xml\bind\jakarta.xml.bind-api\2.3.3\jakarta.xml.bind-api-2.3.3.jar;D:\apache-maven-3.8.6\maven-repo\jakarta\activation\jakarta.activation-api\1.2.2\jakarta.activation-api-1.2.2.jar;D:\apache-maven-3.8.6\maven-repo\org\assertj\assertj-core\3.22.0\assertj-core-3.22.0.jar;D:\apache-maven-3.8.6\maven-repo\org\hamcrest\hamcrest\2.2\hamcrest-2.2.jar;D:\apache-maven-3.8.6\maven-repo\org\junit\jupiter\junit-jupiter\5.8.2\junit-jupiter-5.8.2.jar;D:\apache-maven-3.8.6\maven-repo\org\junit\jupiter\junit-jupiter-api\5.8.2\junit-jupiter-api-5.8.2.jar;D:\apache-maven-3.8.6\maven-repo\org\opentest4j\opentest4j\1.2.0\opentest4j-1.2.0.jar;D:\apache-maven-3.8.6\maven-repo\org\junit\platform\junit-platform-commons\1.8.2\junit-platform-commons-1.8.2.jar;D:\apache-maven-3.8.6\maven-repo\org\apiguardian\apiguardian-api\1.1.2\apiguardian-api-1.1.2.jar;D:\apache-maven-3.8.6\maven-repo\org\junit\jupiter\junit-jupiter-params\5.8.2\junit-jupiter-params-5.8.2.jar;D:\apache-maven-3.8.6\maven-repo\org\junit\jupiter\junit-jupiter-engine\5.8.2\junit-jupiter-engine-5.8.2.jar;D:\apache-maven-3.8.6\maven-repo\org\junit\platform\junit-platform-engine\1.8.2\junit-platform-engine-1.8.2.jar;D:\apache-maven-3.8.6\maven-repo\org\mockito\mockito-core\4.5.1\mockito-core-4.5.1.jar;D:\apache-maven-3.8.6\maven-repo\net\bytebuddy\byte-buddy\1.12.18\byte-buddy-1.12.18.jar;D:\apache-maven-3.8.6\maven-repo\net\bytebuddy\byte-buddy-agent\1.12.18\byte-buddy-agent-1.12.18.jar;D:\apache-maven-3.8.6\maven-repo\org\objenesis\objenesis\3.2\objenesis-3.2.jar;D:\apache-maven-3.8.6\maven-repo\org\mockito\mockito-junit-jupiter\4.5.1\mockito-junit-jupiter-4.5.1.jar;D:\apache-maven-3.8.6\maven-repo\org\skyscreamer\jsonassert\1.5.1\jsonassert-1.5.1.jar;D:\apache-maven-3.8.6\maven-repo\com\vaadin\external\google\android-json\0.0.20131108.vaadin1\android-json-0.0.20131108.vaadin1.jar;D:\apache-maven-3.8.6\maven-repo\org\springframework\spring-core\5.3.23\spring-core-5.3.23.jar;D:\apache-maven-3.8.6\maven-repo\org\springframework\spring-jcl\5.3.23\spring-jcl-5.3.23.jar;D:\apache-maven-3.8.6\maven-repo\org\springframework\spring-test\5.3.23\spring-test-5.3.23.jar;D:\apache-maven-3.8.6\maven-repo\org\xmlunit\xmlunit-core\2.9.0\xmlunit-core-2.9.0.jar;D:\apache-maven-3.8.6\maven-repo\org\springframework\boot\spring-boot-starter-security\2.7.5\spring-boot-starter-security-2.7.5.jar;D:\apache-maven-3.8.6\maven-repo\org\springframework\spring-aop\5.3.23\spring-aop-5.3.23.jar;D:\apache-maven-3.8.6\maven-repo\org\springframework\security\spring-security-config\5.7.4\spring-security-config-5.7.4.jar;D:\apache-maven-3.8.6\maven-repo\org\springframework\security\spring-security-core\5.7.4\spring-security-core-5.7.4.jar;D:\apache-maven-3.8.6\maven-repo\org\springframework\security\spring-security-crypto\5.7.4\spring-security-crypto-5.7.4.jar;D:\apache-maven-3.8.6\maven-repo\org\springframework\security\spring-security-web\5.7.4\spring-security-web-5.7.4.jar;D:\apache-maven-3.8.6\maven-repo\com\fasterxml\jackson\core\jackson-core\2.13.4\jackson-core-2.13.4.jar;D:\apache-maven-3.8.6\maven-repo\com\fasterxml\jackson\core\jackson-databind\2.13.4.2\jackson-databind-2.13.4.2.jar;D:\apache-maven-3.8.6\maven-repo\com\fasterxml\jackson\core\jackson-annotations\2.13.4\jackson-annotations-2.13.4.jar;D:\apache-maven-3.8.6\maven-repo\com\alibaba\fastjson\1.2.41\fastjson-1.2.41.jar;D:\apache-maven-3.8.6\maven-repo\com\google\code\gson\gson\2.8.6\gson-2.8.6.jar;D:\apache-maven-3.8.6\maven-repo\org\springframework\boot\spring-boot-starter-jdbc\2.7.5\spring-boot-starter-jdbc-2.7.5.jar;D:\apache-maven-3.8.6\maven-repo\com\zaxxer\HikariCP\4.0.3\HikariCP-4.0.3.jar;D:\apache-maven-3.8.6\maven-repo\org\springframework\spring-jdbc\5.3.23\spring-jdbc-5.3.23.jar;D:\apache-maven-3.8.6\maven-repo\org\springframework\spring-tx\5.3.23\spring-tx-5.3.23.jar;D:\apache-maven-3.8.6\maven-repo\com\mysql\mysql-connector-j\8.0.31\mysql-connector-j-8.0.31.jar;D:\apache-maven-3.8.6\maven-repo\org\thymeleaf\thymeleaf-spring5\3.0.15.RELEASE\thymeleaf-spring5-3.0.15.RELEASE.jar;D:\apache-maven-3.8.6\maven-repo\org\thymeleaf\thymeleaf\3.0.15.RELEASE\thymeleaf-3.0.15.RELEASE.jar;D:\apache-maven-3.8.6\maven-repo\org\attoparser\attoparser\2.0.5.RELEASE\attoparser-2.0.5.RELEASE.jar;D:\apache-maven-3.8.6\maven-repo\org\unbescape\unbescape\1.1.6.RELEASE\unbescape-1.1.6.RELEASE.jar;D:\apache-maven-3.8.6\maven-repo\org\slf4j\slf4j-api\1.7.36\slf4j-api-1.7.36.jar;D:\apache-maven-3.8.6\maven-repo\org\thymeleaf\extras\thymeleaf-extras-java8time\3.0.4.RELEASE\thymeleaf-extras-java8time-3.0.4.RELEASE.jar;D:\apache-maven-3.8.6\maven-repo\org\mybatis\spring\boot\mybatis-spring-boot-starter\2.1.1\mybatis-spring-boot-starter-2.1.1.jar;D:\apache-maven-3.8.6\maven-repo\org\mybatis\spring\boot\mybatis-spring-boot-autoconfigure\2.1.1\mybatis-spring-boot-autoconfigure-2.1.1.jar;D:\apache-maven-3.8.6\maven-repo\org\mybatis\mybatis\3.5.3\mybatis-3.5.3.jar;D:\apache-maven-3.8.6\maven-repo\org\mybatis\mybatis-spring\2.0.3\mybatis-spring-2.0.3.jar;D:\apache-maven-3.8.6\maven-repo\org\thymeleaf\extras\thymeleaf-extras-springsecurity5\3.0.4.RELEASE\thymeleaf-extras-springsecurity5-3.0.4.RELEASE.jar;D:\apache-maven-3.8.6\maven-repo\com\baidu\aip\java-sdk\4.11.0\java-sdk-4.11.0.jar;D:\apache-maven-3.8.6\maven-repo\org\json\json\20160810\json-20160810.jar;D:\apache-maven-3.8.6\maven-repo\org\slf4j\slf4j-simple\1.7.36\slf4j-simple-1.7.36.jar;D:\apache-maven-3.8.6\maven-repo\org\springframework\boot\spring-boot-starter-mail\2.7.5\spring-boot-starter-mail-2.7.5.jar;D:\apache-maven-3.8.6\maven-repo\org\springframework\spring-context-support\5.3.23\spring-context-support-5.3.23.jar;D:\apache-maven-3.8.6\maven-repo\com\sun\mail\jakarta.mail\1.6.7\jakarta.mail-1.6.7.jar;D:\apache-maven-3.8.6\maven-repo\com\sun\activation\jakarta.activation\1.2.2\jakarta.activation-1.2.2.jar;D:\apache-maven-3.8.6\maven-repo\org\springframework\boot\spring-boot-starter-aop\2.7.5\spring-boot-starter-aop-2.7.5.jar;D:\apache-maven-3.8.6\maven-repo\org\aspectj\aspectjweaver\1.9.7\aspectjweaver-1.9.7.jar;"/>
    <property name="sun.cpu.endian" value="little"/>
    <property name="user.home" value="C:\Users\xqsx4"/>
    <property name="user.language" value="zh"/>
    <property name="java.specification.vendor" value="Oracle Corporation"/>
    <property name="java.home" value="C:\Program Files\Java\jdk1.8.0_333\jre"/>
    <property name="basedir" value="E:\IDEA\VideoPlayer"/>
    <property name="file.separator" value="\"/>
    <property name="line.separator" value="&#10;"/>
    <property name="java.vm.specification.vendor" value="Oracle Corporation"/>
    <property name="java.specification.name" value="Java Platform API Specification"/>
    <property name="java.awt.graphicsenv" value="sun.awt.Win32GraphicsEnvironment"/>
    <property name="surefire.real.class.path" value="C:\Users\xqsx4\AppData\Local\Temp\surefire7303848031141875003\surefirebooter2114510974682880676.jar"/>
    <property name="sun.boot.class.path" value="C:\Program Files\Java\jdk1.8.0_333\jre\lib\resources.jar;C:\Program Files\Java\jdk1.8.0_333\jre\lib\rt.jar;C:\Program Files\Java\jdk1.8.0_333\jre\lib\sunrsasign.jar;C:\Program Files\Java\jdk1.8.0_333\jre\lib\jsse.jar;C:\Program Files\Java\jdk1.8.0_333\jre\lib\jce.jar;C:\Program Files\Java\jdk1.8.0_333\jre\lib\charsets.jar;C:\Program Files\Java\jdk1.8.0_333\jre\lib\jfr.jar;C:\Program Files\Java\jdk1.8.0_333\jre\classes"/>
    <property name="user.script" value=""/>
    <property name="sun.management.compiler" value="HotSpot 64-Bit Tiered Compilers"/>
    <property name="java.runtime.version" value="1.8.0_333-b02"/>
    <property name="user.name" value="xqsx4"/>
    <property name="path.separator" value=";"/>
    <property name="os.version" value="10.0"/>
    <property name="java.endorsed.dirs" value="C:\Program Files\Java\jdk1.8.0_333\jre\lib\endorsed"/>
    <property name="java.runtime.name" value="Java(TM) SE Runtime Environment"/>
    <property name="file.encoding" value="GBK"/>
    <property name="java.vm.name" value="Java HotSpot(TM) 64-Bit Server VM"/>
    <property name="localRepository" value="D:\apache-maven-3.8.6\maven-repo"/>
    <property name="java.vendor.url.bug" value="http://bugreport.sun.com/bugreport/"/>
    <property name="java.io.tmpdir" value="C:\Users\xqsx4\AppData\Local\Temp\"/>
    <property name="idea.version" value="2022.2.1"/>
    <property name="java.version" value="1.8.0_333"/>
    <property name="user.dir" value="E:\IDEA\VideoPlayer"/>
    <property name="os.arch" value="amd64"/>
    <property name="java.vm.specification.name" value="Java Virtual Machine Specification"/>
    <property name="java.awt.printerjob" value="sun.awt.windows.WPrinterJob"/>
    <property name="sun.os.patch.level" value=""/>
    <property name="java.library.path" value="C:\Program Files\Java\jdk1.8.0_333\jre\bin;C:\WINDOWS\Sun\Java\bin;C:\WINDOWS\system32;C:\WINDOWS;D:\Anaconda\condabin;C:\VulkanSDK\1.2.176.1\Bin;C:\Program Files (x86)\Common Files\Oracle\Java\javapath;D:\NVIDIA\CUDA\v11.5\bin;D:\NVIDIA\CUDA\v11.5\libnvvp;C:\Windows\system32;C:\Windows;C:\Windows\System32\Wbem;C:\Windows\System32\WindowsPowerShell\v1.0\;C:\Windows\System32\OpenSSH\;C:\Program Files\NVIDIA Corporation\NVIDIA NvDLISR;C:\WINDOWS\system32;C:\WINDOWS;C:\WINDOWS\System32\Wbem;C:\WINDOWS\System32\WindowsPowerShell\v1.0\;C:\WINDOWS\System32\OpenSSH\;C:\Program Files (x86)\Bandizip;D:\Anaconda;D:\Anaconda\Scripts;D:\Anaconda\Library\mingw-w64\bin;D:\Anaconda\Library\bin;D:\Microsoft Visual Studio\2019\Community\VC\Tools\MSVC\14.29.30133\bin\Hostx64\x64;D:\NVIDIA\CUDA\v11.5\include;D:\NVIDIA\CUDA\v11.5\lib;D:\微信web开发者工具\dll;D:\MAT;AB\bin;D:\Program Files\NotePad3;D:\Git\cmd;D:\apache-tomcat-9.0.65\bin;D:\texlive;D:\texlive\2022\bin\win32;D:\Program Files\NetSarang\Xshell 7\;D:\Program Files\NetSarang\Xftp 7\;C:\gnuplot\bin\gnuplot.exe;D:\apache-maven-3.8.6\bin;D:\MySQL\mysql-8.0.30\bin;D:\apache-maven-3.8.6\maven-repo;D:\apache-maven-3.8.6\bin;D:\Program Files\nodejs\;C:\Users\xqsx4\AppData\Local\Microsoft\WindowsApps;D:\JetBrains\PyCharm\bin;D:\texlive\2022\bin\win32;D:\MinGW32\bin;D:\VSCode\bin;D:\JetBrains\IntelliJ IDEA 2022.2.1\bin;;C:\Users\xqsx4\AppData\Roaming\npm;."/>
    <property name="java.vm.info" value="mixed mode"/>
    <property name="java.vendor" value="Oracle Corporation"/>
    <property name="java.vm.version" value="25.333-b02"/>
    <property name="java.ext.dirs" value="C:\Program Files\Java\jdk1.8.0_333\jre\lib\ext;C:\WINDOWS\Sun\Java\lib\ext"/>
    <property name="sun.io.unicode.encoding" value="UnicodeLittle"/>
    <property name="maven.repo.local" value="D:\apache-maven-3.8.6\maven-repo"/>
    <property name="java.class.version" value="52.0"/>
  </properties>
  <testcase name="contextLoads" classname="com.pky.VideoPlayerApplicationTests" time="0.188"/>
</testsuite>